<?xml version="1.0" encoding="UTF-8"?>
<testng-results ignored="0" total="20" passed="20" failed="0" skipped="0">
  <reporter-output>
  </reporter-output>
  <suite started-at="2024-07-01T16:34:43 GMT" name="flight-reservation" finished-at="2024-07-01T16:34:59 GMT" duration-ms="16058">
    <groups>
    </groups>
    <test started-at="2024-07-01T16:34:43 GMT" name="passengers-count-1" finished-at="2024-07-01T16:34:55 GMT" duration-ms="12489">
      <class name="com.shahid.tests.flightreservation.FlightReservationTest">
        <test-method is-config="true" signature="setDriver(org.testng.ITestContext)[pri:0, instance:com.shahid.tests.flightreservation.FlightReservationTest@72cde7cc]" started-at="2024-07-01T16:34:43 GMT" name="setDriver" finished-at="2024-07-01T16:34:45 GMT" duration-ms="2520" status="PASS">
          <params>
            <param index="0">
              <value>
                <![CDATA[org.testng.TestRunner@71ba6d4e]]>
              </value>
            </param>
          </params>
          <reporter-output>
          </reporter-output>
        </test-method> <!-- setDriver -->
        <test-method is-config="true" signature="setParameters(java.lang.String)[pri:0, instance:com.shahid.tests.flightreservation.FlightReservationTest@72cde7cc]" started-at="2024-07-01T16:34:45 GMT" name="setParameters" finished-at="2024-07-01T16:34:45 GMT" depends-on-methods="com.shahid.tests.AbstractTest.setDriver" duration-ms="195" status="PASS">
          <params>
            <param index="0">
              <value>
                <![CDATA[test-data/flight-reservation/passenger-1.json]]>
              </value>
            </param>
          </params>
          <reporter-output>
          </reporter-output>
        </test-method> <!-- setParameters -->
        <test-method signature="userRegistrationTest()[pri:0, instance:com.shahid.tests.flightreservation.FlightReservationTest@72cde7cc]" started-at="2024-07-01T16:34:45 GMT" name="userRegistrationTest" finished-at="2024-07-01T16:34:48 GMT" duration-ms="3174" status="PASS">
          <reporter-output>
          </reporter-output>
        </test-method> <!-- userRegistrationTest -->
        <test-method signature="registrationConfirmationTest()[pri:0, instance:com.shahid.tests.flightreservation.FlightReservationTest@72cde7cc]" started-at="2024-07-01T16:34:48 GMT" name="registrationConfirmationTest" finished-at="2024-07-01T16:34:49 GMT" depends-on-methods="com.shahid.tests.flightreservation.FlightReservationTest.userRegistrationTest" duration-ms="758" status="PASS">
          <reporter-output>
          </reporter-output>
        </test-method> <!-- registrationConfirmationTest -->
        <test-method signature="flightsSearchTest()[pri:0, instance:com.shahid.tests.flightreservation.FlightReservationTest@72cde7cc]" started-at="2024-07-01T16:34:49 GMT" name="flightsSearchTest" finished-at="2024-07-01T16:34:51 GMT" depends-on-methods="com.shahid.tests.flightreservation.FlightReservationTest.registrationConfirmationTest" duration-ms="1503" status="PASS">
          <reporter-output>
          </reporter-output>
        </test-method> <!-- flightsSearchTest -->
        <test-method signature="flightsSelectionTest()[pri:0, instance:com.shahid.tests.flightreservation.FlightReservationTest@72cde7cc]" started-at="2024-07-01T16:34:51 GMT" name="flightsSelectionTest" finished-at="2024-07-01T16:34:53 GMT" depends-on-methods="com.shahid.tests.flightreservation.FlightReservationTest.flightsSearchTest" duration-ms="2462" status="PASS">
          <reporter-output>
          </reporter-output>
        </test-method> <!-- flightsSelectionTest -->
        <test-method signature="flightReservationConfirmationTest()[pri:0, instance:com.shahid.tests.flightreservation.FlightReservationTest@72cde7cc]" started-at="2024-07-01T16:34:53 GMT" name="flightReservationConfirmationTest" finished-at="2024-07-01T16:34:55 GMT" depends-on-methods="com.shahid.tests.flightreservation.FlightReservationTest.flightsSelectionTest" duration-ms="1762" status="PASS">
          <reporter-output>
          </reporter-output>
        </test-method> <!-- flightReservationConfirmationTest -->
        <test-method is-config="true" signature="quitDriver()[pri:0, instance:com.shahid.tests.flightreservation.FlightReservationTest@72cde7cc]" started-at="2024-07-01T16:34:55 GMT" name="quitDriver" finished-at="2024-07-01T16:34:55 GMT" duration-ms="84" status="PASS">
          <reporter-output>
          </reporter-output>
        </test-method> <!-- quitDriver -->
      </class> <!-- com.shahid.tests.flightreservation.FlightReservationTest -->
    </test> <!-- passengers-count-1 -->
    <test started-at="2024-07-01T16:34:43 GMT" name="passengers-count-2" finished-at="2024-07-01T16:34:55 GMT" duration-ms="12837">
      <class name="com.shahid.tests.flightreservation.FlightReservationTest">
        <test-method is-config="true" signature="setDriver(org.testng.ITestContext)[pri:0, instance:com.shahid.tests.flightreservation.FlightReservationTest@2b48a640]" started-at="2024-07-01T16:34:43 GMT" name="setDriver" finished-at="2024-07-01T16:34:45 GMT" duration-ms="2520" status="PASS">
          <params>
            <param index="0">
              <value>
                <![CDATA[org.testng.TestRunner@738dc9b]]>
              </value>
            </param>
          </params>
          <reporter-output>
          </reporter-output>
        </test-method> <!-- setDriver -->
        <test-method is-config="true" signature="setParameters(java.lang.String)[pri:0, instance:com.shahid.tests.flightreservation.FlightReservationTest@2b48a640]" started-at="2024-07-01T16:34:45 GMT" name="setParameters" finished-at="2024-07-01T16:34:45 GMT" depends-on-methods="com.shahid.tests.AbstractTest.setDriver" duration-ms="195" status="PASS">
          <params>
            <param index="0">
              <value>
                <![CDATA[test-data/flight-reservation/passenger-2.json]]>
              </value>
            </param>
          </params>
          <reporter-output>
          </reporter-output>
        </test-method> <!-- setParameters -->
        <test-method signature="userRegistrationTest()[pri:0, instance:com.shahid.tests.flightreservation.FlightReservationTest@2b48a640]" started-at="2024-07-01T16:34:45 GMT" name="userRegistrationTest" finished-at="2024-07-01T16:34:48 GMT" duration-ms="2937" status="PASS">
          <reporter-output>
          </reporter-output>
        </test-method> <!-- userRegistrationTest -->
        <test-method signature="registrationConfirmationTest()[pri:0, instance:com.shahid.tests.flightreservation.FlightReservationTest@2b48a640]" started-at="2024-07-01T16:34:48 GMT" name="registrationConfirmationTest" finished-at="2024-07-01T16:34:51 GMT" depends-on-methods="com.shahid.tests.flightreservation.FlightReservationTest.userRegistrationTest" duration-ms="2442" status="PASS">
          <reporter-output>
          </reporter-output>
        </test-method> <!-- registrationConfirmationTest -->
        <test-method signature="flightsSearchTest()[pri:0, instance:com.shahid.tests.flightreservation.FlightReservationTest@2b48a640]" started-at="2024-07-01T16:34:51 GMT" name="flightsSearchTest" finished-at="2024-07-01T16:34:52 GMT" depends-on-methods="com.shahid.tests.flightreservation.FlightReservationTest.registrationConfirmationTest" duration-ms="922" status="PASS">
          <reporter-output>
          </reporter-output>
        </test-method> <!-- flightsSearchTest -->
        <test-method signature="flightsSelectionTest()[pri:0, instance:com.shahid.tests.flightreservation.FlightReservationTest@2b48a640]" started-at="2024-07-01T16:34:52 GMT" name="flightsSelectionTest" finished-at="2024-07-01T16:34:53 GMT" depends-on-methods="com.shahid.tests.flightreservation.FlightReservationTest.flightsSearchTest" duration-ms="1390" status="PASS">
          <reporter-output>
          </reporter-output>
        </test-method> <!-- flightsSelectionTest -->
        <test-method signature="flightReservationConfirmationTest()[pri:0, instance:com.shahid.tests.flightreservation.FlightReservationTest@2b48a640]" started-at="2024-07-01T16:34:53 GMT" name="flightReservationConfirmationTest" finished-at="2024-07-01T16:34:55 GMT" depends-on-methods="com.shahid.tests.flightreservation.FlightReservationTest.flightsSelectionTest" duration-ms="2315" status="PASS">
          <reporter-output>
          </reporter-output>
        </test-method> <!-- flightReservationConfirmationTest -->
        <test-method is-config="true" signature="quitDriver()[pri:0, instance:com.shahid.tests.flightreservation.FlightReservationTest@2b48a640]" started-at="2024-07-01T16:34:55 GMT" name="quitDriver" finished-at="2024-07-01T16:34:55 GMT" duration-ms="81" status="PASS">
          <reporter-output>
          </reporter-output>
        </test-method> <!-- quitDriver -->
      </class> <!-- com.shahid.tests.flightreservation.FlightReservationTest -->
    </test> <!-- passengers-count-2 -->
    <test started-at="2024-07-01T16:34:43 GMT" name="passengers-count-3" finished-at="2024-07-01T16:34:56 GMT" duration-ms="13956">
      <class name="com.shahid.tests.flightreservation.FlightReservationTest">
        <test-method is-config="true" signature="setDriver(org.testng.ITestContext)[pri:0, instance:com.shahid.tests.flightreservation.FlightReservationTest@2053d869]" started-at="2024-07-01T16:34:43 GMT" name="setDriver" finished-at="2024-07-01T16:34:45 GMT" duration-ms="2520" status="PASS">
          <params>
            <param index="0">
              <value>
                <![CDATA[org.testng.TestRunner@3c77d488]]>
              </value>
            </param>
          </params>
          <reporter-output>
          </reporter-output>
        </test-method> <!-- setDriver -->
        <test-method is-config="true" signature="setParameters(java.lang.String)[pri:0, instance:com.shahid.tests.flightreservation.FlightReservationTest@2053d869]" started-at="2024-07-01T16:34:45 GMT" name="setParameters" finished-at="2024-07-01T16:34:45 GMT" depends-on-methods="com.shahid.tests.AbstractTest.setDriver" duration-ms="195" status="PASS">
          <params>
            <param index="0">
              <value>
                <![CDATA[test-data/flight-reservation/passenger-3.json]]>
              </value>
            </param>
          </params>
          <reporter-output>
          </reporter-output>
        </test-method> <!-- setParameters -->
        <test-method signature="userRegistrationTest()[pri:0, instance:com.shahid.tests.flightreservation.FlightReservationTest@2053d869]" started-at="2024-07-01T16:34:45 GMT" name="userRegistrationTest" finished-at="2024-07-01T16:34:48 GMT" duration-ms="3034" status="PASS">
          <reporter-output>
          </reporter-output>
        </test-method> <!-- userRegistrationTest -->
        <test-method signature="registrationConfirmationTest()[pri:0, instance:com.shahid.tests.flightreservation.FlightReservationTest@2053d869]" started-at="2024-07-01T16:34:48 GMT" name="registrationConfirmationTest" finished-at="2024-07-01T16:34:51 GMT" depends-on-methods="com.shahid.tests.flightreservation.FlightReservationTest.userRegistrationTest" duration-ms="2421" status="PASS">
          <reporter-output>
          </reporter-output>
        </test-method> <!-- registrationConfirmationTest -->
        <test-method signature="flightsSearchTest()[pri:0, instance:com.shahid.tests.flightreservation.FlightReservationTest@2053d869]" started-at="2024-07-01T16:34:51 GMT" name="flightsSearchTest" finished-at="2024-07-01T16:34:53 GMT" depends-on-methods="com.shahid.tests.flightreservation.FlightReservationTest.registrationConfirmationTest" duration-ms="1970" status="PASS">
          <reporter-output>
          </reporter-output>
        </test-method> <!-- flightsSearchTest -->
        <test-method signature="flightsSelectionTest()[pri:0, instance:com.shahid.tests.flightreservation.FlightReservationTest@2053d869]" started-at="2024-07-01T16:34:53 GMT" name="flightsSelectionTest" finished-at="2024-07-01T16:34:56 GMT" depends-on-methods="com.shahid.tests.flightreservation.FlightReservationTest.flightsSearchTest" duration-ms="3015" status="PASS">
          <reporter-output>
          </reporter-output>
        </test-method> <!-- flightsSelectionTest -->
        <test-method signature="flightReservationConfirmationTest()[pri:0, instance:com.shahid.tests.flightreservation.FlightReservationTest@2053d869]" started-at="2024-07-01T16:34:56 GMT" name="flightReservationConfirmationTest" finished-at="2024-07-01T16:34:56 GMT" depends-on-methods="com.shahid.tests.flightreservation.FlightReservationTest.flightsSelectionTest" duration-ms="692" status="PASS">
          <reporter-output>
          </reporter-output>
        </test-method> <!-- flightReservationConfirmationTest -->
        <test-method is-config="true" signature="quitDriver()[pri:0, instance:com.shahid.tests.flightreservation.FlightReservationTest@2053d869]" started-at="2024-07-01T16:34:56 GMT" name="quitDriver" finished-at="2024-07-01T16:34:56 GMT" duration-ms="80" status="PASS">
          <reporter-output>
          </reporter-output>
        </test-method> <!-- quitDriver -->
      </class> <!-- com.shahid.tests.flightreservation.FlightReservationTest -->
    </test> <!-- passengers-count-3 -->
    <test started-at="2024-07-01T16:34:43 GMT" name="passengers-count-4" finished-at="2024-07-01T16:34:59 GMT" duration-ms="16057">
      <class name="com.shahid.tests.flightreservation.FlightReservationTest">
        <test-method is-config="true" signature="setupConfig()[pri:0, instance:com.shahid.tests.flightreservation.FlightReservationTest@4bb33f74]" started-at="2024-07-01T16:34:43 GMT" name="setupConfig" finished-at="2024-07-01T16:34:43 GMT" duration-ms="22" status="PASS">
          <reporter-output>
          </reporter-output>
        </test-method> <!-- setupConfig -->
        <test-method is-config="true" signature="setDriver(org.testng.ITestContext)[pri:0, instance:com.shahid.tests.flightreservation.FlightReservationTest@4bb33f74]" started-at="2024-07-01T16:34:43 GMT" name="setDriver" finished-at="2024-07-01T16:34:45 GMT" duration-ms="2520" status="PASS">
          <params>
            <param index="0">
              <value>
                <![CDATA[org.testng.TestRunner@63376bed]]>
              </value>
            </param>
          </params>
          <reporter-output>
          </reporter-output>
        </test-method> <!-- setDriver -->
        <test-method is-config="true" signature="setParameters(java.lang.String)[pri:0, instance:com.shahid.tests.flightreservation.FlightReservationTest@4bb33f74]" started-at="2024-07-01T16:34:45 GMT" name="setParameters" finished-at="2024-07-01T16:34:45 GMT" depends-on-methods="com.shahid.tests.AbstractTest.setDriver" duration-ms="195" status="PASS">
          <params>
            <param index="0">
              <value>
                <![CDATA[test-data/flight-reservation/passenger-4.json]]>
              </value>
            </param>
          </params>
          <reporter-output>
          </reporter-output>
        </test-method> <!-- setParameters -->
        <test-method signature="userRegistrationTest()[pri:0, instance:com.shahid.tests.flightreservation.FlightReservationTest@4bb33f74]" started-at="2024-07-01T16:34:45 GMT" name="userRegistrationTest" finished-at="2024-07-01T16:34:48 GMT" duration-ms="2935" status="PASS">
          <reporter-output>
          </reporter-output>
        </test-method> <!-- userRegistrationTest -->
        <test-method signature="registrationConfirmationTest()[pri:0, instance:com.shahid.tests.flightreservation.FlightReservationTest@4bb33f74]" started-at="2024-07-01T16:34:48 GMT" name="registrationConfirmationTest" finished-at="2024-07-01T16:34:51 GMT" depends-on-methods="com.shahid.tests.flightreservation.FlightReservationTest.userRegistrationTest" duration-ms="2444" status="PASS">
          <reporter-output>
          </reporter-output>
        </test-method> <!-- registrationConfirmationTest -->
        <test-method signature="flightsSearchTest()[pri:0, instance:com.shahid.tests.flightreservation.FlightReservationTest@4bb33f74]" started-at="2024-07-01T16:34:51 GMT" name="flightsSearchTest" finished-at="2024-07-01T16:34:54 GMT" depends-on-methods="com.shahid.tests.flightreservation.FlightReservationTest.registrationConfirmationTest" duration-ms="3075" status="PASS">
          <reporter-output>
          </reporter-output>
        </test-method> <!-- flightsSearchTest -->
        <test-method signature="flightsSelectionTest()[pri:0, instance:com.shahid.tests.flightreservation.FlightReservationTest@4bb33f74]" started-at="2024-07-01T16:34:54 GMT" name="flightsSelectionTest" finished-at="2024-07-01T16:34:57 GMT" depends-on-methods="com.shahid.tests.flightreservation.FlightReservationTest.flightsSearchTest" duration-ms="3004" status="PASS">
          <reporter-output>
          </reporter-output>
        </test-method> <!-- flightsSelectionTest -->
        <test-method signature="flightReservationConfirmationTest()[pri:0, instance:com.shahid.tests.flightreservation.FlightReservationTest@4bb33f74]" started-at="2024-07-01T16:34:57 GMT" name="flightReservationConfirmationTest" finished-at="2024-07-01T16:34:59 GMT" depends-on-methods="com.shahid.tests.flightreservation.FlightReservationTest.flightsSelectionTest" duration-ms="1770" status="PASS">
          <reporter-output>
          </reporter-output>
        </test-method> <!-- flightReservationConfirmationTest -->
        <test-method is-config="true" signature="quitDriver()[pri:0, instance:com.shahid.tests.flightreservation.FlightReservationTest@4bb33f74]" started-at="2024-07-01T16:34:59 GMT" name="quitDriver" finished-at="2024-07-01T16:34:59 GMT" duration-ms="80" status="PASS">
          <reporter-output>
          </reporter-output>
        </test-method> <!-- quitDriver -->
      </class> <!-- com.shahid.tests.flightreservation.FlightReservationTest -->
    </test> <!-- passengers-count-4 -->
  </suite> <!-- flight-reservation -->
</testng-results>
